1672451631206	geckodriver	INFO	Listening on 127.0.0.1:37083
1672451631611	mozrunner::runner	INFO	Running command: "/snap/firefox/current/firefox.launcher" "--marionette" "--remote-debugging-port" "44581" "--remote-allow-hosts" "localhost" "-no-remote" "-profile" "/tmp/rust_mozprofileldfimt"
Gtk-Message: 20:53:51.643: Not loading module "atk-bridge": The functionality is provided by GTK natively. Please try to not load it.
ATTENTION: default value of option mesa_glthread overridden by environment.
ATTENTION: default value of option mesa_glthread overridden by environment.
ATTENTION: default value of option mesa_glthread overridden by environment.
ATTENTION: default value of option mesa_glthread overridden by environment.
1672451632506	Marionette	INFO	Marionette enabled
1672451632511	Marionette	INFO	Listening on port 33889
Read port: 33889
WebDriver BiDi listening on ws://127.0.0.1:44581
1672451632627	RemoteAgent	WARN	TLS certificate errors will be ignored for this session
console.warn: SearchSettings: "get: No settings file exists, new profile?" (new NotFoundError("Could not open the file at /tmp/rust_mozprofileldfimt/search.json.mozlz4", (void 0)))
DevTools listening on ws://127.0.0.1:44581/devtools/browser/87b0663c-cd15-4b5c-bf2b-626e9f9a888d
1672451637357	Marionette	INFO	Stopped listening on port 33889
console.warn: TopSitesFeed: Failed to fetch data from Contile server: NetworkError when attempting to fetch resource.
1672451793650	geckodriver	INFO	Listening on 127.0.0.1:42927
1672451794117	mozrunner::runner	INFO	Running command: "/snap/firefox/current/firefox.launcher" "--marionette" "--remote-debugging-port" "33271" "--remote-allow-hosts" "localhost" "-no-remote" "-profile" "/tmp/rust_mozprofileh0XRzA"
Gtk-Message: 20:56:34.141: Not loading module "atk-bridge": The functionality is provided by GTK natively. Please try to not load it.
ATTENTION: default value of option mesa_glthread overridden by environment.
ATTENTION: default value of option mesa_glthread overridden by environment.
ATTENTION: default value of option mesa_glthread overridden by environment.
ATTENTION: default value of option mesa_glthread overridden by environment.
1672451794879	Marionette	INFO	Marionette enabled
1672451794882	Marionette	INFO	Listening on port 41895
Read port: 41895
WebDriver BiDi listening on ws://127.0.0.1:33271
1672451795032	RemoteAgent	WARN	TLS certificate errors will be ignored for this session
console.warn: SearchSettings: "get: No settings file exists, new profile?" (new NotFoundError("Could not open the file at /tmp/rust_mozprofileh0XRzA/search.json.mozlz4", (void 0)))
DevTools listening on ws://127.0.0.1:33271/devtools/browser/3bb54ce1-70f8-402a-920b-d15f5b9c7cd2
1672451797017	Marionette	INFO	Stopped listening on port 41895
console.warn: TopSitesFeed: Failed to fetch data from Contile server: NetworkError when attempting to fetch resource.
JavaScript error: resource://services-settings/RemoteSettingsWorker.jsm, line 145: Error: Shutdown, aborting read-only worker requests.
Sandbox: Unexpected EOF, op 0 flags 00 path /proc/cpuinfo
1672452158209	geckodriver	INFO	Listening on 127.0.0.1:39313
1672452158642	mozrunner::runner	INFO	Running command: "/snap/firefox/current/firefox.launcher" "--marionette" "--remote-debugging-port" "40411" "--remote-allow-hosts" "localhost" "-no-remote" "-profile" "/tmp/rust_mozprofile9JFI7r"
Gtk-Message: 21:02:38.669: Not loading module "atk-bridge": The functionality is provided by GTK natively. Please try to not load it.
ATTENTION: default value of option mesa_glthread overridden by environment.
ATTENTION: default value of option mesa_glthread overridden by environment.
ATTENTION: default value of option mesa_glthread overridden by environment.
ATTENTION: default value of option mesa_glthread overridden by environment.
1672452159403	Marionette	INFO	Marionette enabled
1672452159407	Marionette	INFO	Listening on port 42835
Read port: 42835
WebDriver BiDi listening on ws://127.0.0.1:40411
1672452159529	RemoteAgent	WARN	TLS certificate errors will be ignored for this session
console.warn: SearchSettings: "get: No settings file exists, new profile?" (new NotFoundError("Could not open the file at /tmp/rust_mozprofile9JFI7r/search.json.mozlz4", (void 0)))
DevTools listening on ws://127.0.0.1:40411/devtools/browser/534f5793-690c-4a8e-827d-d8729f46795d
1672452167338	Marionette	INFO	Stopped listening on port 42835
console.warn: TopSitesFeed: Failed to fetch data from Contile server: NetworkError when attempting to fetch resource.
1672452177320	geckodriver	INFO	Listening on 127.0.0.1:38429
1672452177745	mozrunner::runner	INFO	Running command: "/snap/firefox/current/firefox.launcher" "--marionette" "--remote-debugging-port" "58389" "--remote-allow-hosts" "localhost" "-no-remote" "-profile" "/tmp/rust_mozprofilenFlmLs"
Gtk-Message: 21:02:57.772: Not loading module "atk-bridge": The functionality is provided by GTK natively. Please try to not load it.
ATTENTION: default value of option mesa_glthread overridden by environment.
ATTENTION: default value of option mesa_glthread overridden by environment.
ATTENTION: default value of option mesa_glthread overridden by environment.
ATTENTION: default value of option mesa_glthread overridden by environment.
1672452178503	Marionette	INFO	Marionette enabled
1672452178507	Marionette	INFO	Listening on port 35529
Read port: 35529
WebDriver BiDi listening on ws://127.0.0.1:58389
1672452178642	RemoteAgent	WARN	TLS certificate errors will be ignored for this session
console.warn: SearchSettings: "get: No settings file exists, new profile?" (new NotFoundError("Could not open the file at /tmp/rust_mozprofilenFlmLs/search.json.mozlz4", (void 0)))
DevTools listening on ws://127.0.0.1:58389/devtools/browser/d3a195ca-cc45-4be9-a05f-d04978706033
ALSA lib conf.c:4120:(snd_config_update_r) Cannot access file /usr/share/alsa/alsa.conf
ALSA lib seq.c:935:(snd_seq_open_noupdate) Unknown SEQ default
JavaScript error: resource://gre/modules/AsyncShutdown.jsm, line 560: NotFoundError: No such JSWindowActor 'DevToolsFrame'
1672452669034	Marionette	INFO	Stopped listening on port 35529
1672452680083	geckodriver	INFO	Listening on 127.0.0.1:55457
1672452680544	mozrunner::runner	INFO	Running command: "/snap/firefox/current/firefox.launcher" "--marionette" "--remote-debugging-port" "54597" "--remote-allow-hosts" "localhost" "-no-remote" "-profile" "/tmp/rust_mozprofileuaexZY"
Gtk-Message: 21:11:20.569: Not loading module "atk-bridge": The functionality is provided by GTK natively. Please try to not load it.
ATTENTION: default value of option mesa_glthread overridden by environment.
ATTENTION: default value of option mesa_glthread overridden by environment.
ATTENTION: default value of option mesa_glthread overridden by environment.
ATTENTION: default value of option mesa_glthread overridden by environment.
1672452681307	Marionette	INFO	Marionette enabled
1672452681310	Marionette	INFO	Listening on port 46853
Read port: 46853
WebDriver BiDi listening on ws://127.0.0.1:54597
1672452681438	RemoteAgent	WARN	TLS certificate errors will be ignored for this session
console.warn: SearchSettings: "get: No settings file exists, new profile?" (new NotFoundError("Could not open the file at /tmp/rust_mozprofileuaexZY/search.json.mozlz4", (void 0)))
DevTools listening on ws://127.0.0.1:54597/devtools/browser/88688409-321d-4154-9a8b-5270aa270e63
1672452687726	Marionette	INFO	Stopped listening on port 46853
console.warn: TopSitesFeed: Failed to fetch data from Contile server: NetworkError when attempting to fetch resource.
1672452796785	geckodriver	INFO	Listening on 127.0.0.1:36863
1672452797224	mozrunner::runner	INFO	Running command: "/snap/firefox/current/firefox.launcher" "--marionette" "--remote-debugging-port" "60993" "--remote-allow-hosts" "localhost" "-no-remote" "-profile" "/tmp/rust_mozprofileWEJehG"
Gtk-Message: 21:13:17.250: Not loading module "atk-bridge": The functionality is provided by GTK natively. Please try to not load it.
ATTENTION: default value of option mesa_glthread overridden by environment.
ATTENTION: default value of option mesa_glthread overridden by environment.
ATTENTION: default value of option mesa_glthread overridden by environment.
ATTENTION: default value of option mesa_glthread overridden by environment.
1672452797971	Marionette	INFO	Marionette enabled
1672452797974	Marionette	INFO	Listening on port 41721
Read port: 41721
WebDriver BiDi listening on ws://127.0.0.1:60993
1672452798089	RemoteAgent	WARN	TLS certificate errors will be ignored for this session
console.warn: SearchSettings: "get: No settings file exists, new profile?" (new NotFoundError("Could not open the file at /tmp/rust_mozprofileWEJehG/search.json.mozlz4", (void 0)))
DevTools listening on ws://127.0.0.1:60993/devtools/browser/1c95fbca-43fd-445d-965c-4dc48a440f92
ALSA lib conf.c:4120:(snd_config_update_r) Cannot access file /usr/share/alsa/alsa.conf
ALSA lib seq.c:935:(snd_seq_open_noupdate) Unknown SEQ default
1672453252448	geckodriver	INFO	Listening on 127.0.0.1:59285
1672453252910	mozrunner::runner	INFO	Running command: "/snap/firefox/current/firefox.launcher" "--marionette" "--remote-debugging-port" "60289" "--remote-allow-hosts" "localhost" "-no-remote" "-profile" "/tmp/rust_mozprofileAw1wgm"
Gtk-Message: 21:20:52.939: Not loading module "atk-bridge": The functionality is provided by GTK natively. Please try to not load it.
ATTENTION: default value of option mesa_glthread overridden by environment.
ATTENTION: default value of option mesa_glthread overridden by environment.
ATTENTION: default value of option mesa_glthread overridden by environment.
ATTENTION: default value of option mesa_glthread overridden by environment.
1672453253671	Marionette	INFO	Marionette enabled
1672453253674	Marionette	INFO	Listening on port 43511
Read port: 43511
WebDriver BiDi listening on ws://127.0.0.1:60289
1672453253811	RemoteAgent	WARN	TLS certificate errors will be ignored for this session
console.warn: SearchSettings: "get: No settings file exists, new profile?" (new NotFoundError("Could not open the file at /tmp/rust_mozprofileAw1wgm/search.json.mozlz4", (void 0)))
DevTools listening on ws://127.0.0.1:60289/devtools/browser/2d8c3a83-296e-42ba-b4f5-332a4e01f6c4
1672453257845	Marionette	INFO	Stopped listening on port 43511
console.warn: TopSitesFeed: Failed to fetch data from Contile server: NetworkError when attempting to fetch resource.
JavaScript error: resource://services-settings/Utils.jsm, line 240: TypeError: NetworkError: Network request failed
1672453292990	geckodriver	INFO	Listening on 127.0.0.1:33579
1672453293454	mozrunner::runner	INFO	Running command: "/snap/firefox/current/firefox.launcher" "--marionette" "--remote-debugging-port" "34039" "--remote-allow-hosts" "localhost" "-no-remote" "-profile" "/tmp/rust_mozprofileA4oKuC"
Gtk-Message: 21:21:33.480: Not loading module "atk-bridge": The functionality is provided by GTK natively. Please try to not load it.
ATTENTION: default value of option mesa_glthread overridden by environment.
ATTENTION: default value of option mesa_glthread overridden by environment.
ATTENTION: default value of option mesa_glthread overridden by environment.
ATTENTION: default value of option mesa_glthread overridden by environment.
1672453294211	Marionette	INFO	Marionette enabled
1672453294216	Marionette	INFO	Listening on port 38359
Read port: 38359
WebDriver BiDi listening on ws://127.0.0.1:34039
1672453294387	RemoteAgent	WARN	TLS certificate errors will be ignored for this session
console.warn: SearchSettings: "get: No settings file exists, new profile?" (new NotFoundError("Could not open the file at /tmp/rust_mozprofileA4oKuC/search.json.mozlz4", (void 0)))
DevTools listening on ws://127.0.0.1:34039/devtools/browser/e2f41ee6-30de-463b-b928-2f0be61ad418
console.warn: LoginRecipes: "Falling back to a synchronous message for: https://substack.com."
SourceActor threw an exception: [Exception... "Failed to open input source 'javascript:void(0)'"  nsresult: "0x80040111 (NS_ERROR_NOT_AVAILABLE)"  location: "JS frame :: resource://devtools/shared/DevToolsUtils.js :: mainThreadFetch/< :: line 676"  data: yes]
Stack: mainThreadFetch/<@resource://devtools/shared/DevToolsUtils.js:676:15
mainThreadFetch@resource://devtools/shared/DevToolsUtils.js:517:10
_fetchURLContents@resource://devtools/server/actors/utils/sources-manager.js:446:22
urlContents@resource://devtools/server/actors/utils/sources-manager.js:410:17
_resurrectSource@resource://devtools/server/actors/thread.js:2154:35
addAllSources@resource://devtools/server/actors/thread.js:1486:14
watch@resource://devtools/server/actors/resources/sources.js:78:17
watchResources@resource://devtools/server/actors/resources/index.js:302:19
addSessionDataEntry@resource://devtools/server/actors/targets/session-data-processors/resources.js:11:21
addSessionDataEntry@resource://devtools/server/actors/targets/target-actor-mixin.js:46:25
_addSessionDataEntry@resource://devtools/server/connectors/js-window-actor/DevToolsFrameChild.sys.mjs:530:24
receiveMessage@resource://devtools/server/connectors/js-window-actor/DevToolsFrameChild.sys.mjs:439:21
Line: 676, column: 0
console.error: ({})
JavaScript error: resource://devtools/shared/DevToolsUtils.js, line 676: NS_ERROR_NOT_AVAILABLE: Failed to open input source 'javascript:void(0)'
ALSA lib conf.c:4120:(snd_config_update_r) Cannot access file /usr/share/alsa/alsa.conf
ALSA lib seq.c:935:(snd_seq_open_noupdate) Unknown SEQ default
1672453776768	geckodriver	INFO	Listening on 127.0.0.1:49077
1672453777229	mozrunner::runner	INFO	Running command: "/snap/firefox/current/firefox.launcher" "--marionette" "--remote-debugging-port" "41681" "--remote-allow-hosts" "localhost" "-no-remote" "-profile" "/tmp/rust_mozprofileyWD76G"
Gtk-Message: 21:29:37.254: Not loading module "atk-bridge": The functionality is provided by GTK natively. Please try to not load it.
ATTENTION: default value of option mesa_glthread overridden by environment.
ATTENTION: default value of option mesa_glthread overridden by environment.
ATTENTION: default value of option mesa_glthread overridden by environment.
ATTENTION: default value of option mesa_glthread overridden by environment.
1672453777970	Marionette	INFO	Marionette enabled
1672453777973	Marionette	INFO	Listening on port 33025
Read port: 33025
WebDriver BiDi listening on ws://127.0.0.1:41681
1672453778124	RemoteAgent	WARN	TLS certificate errors will be ignored for this session
console.warn: SearchSettings: "get: No settings file exists, new profile?" (new NotFoundError("Could not open the file at /tmp/rust_mozprofileyWD76G/search.json.mozlz4", (void 0)))
DevTools listening on ws://127.0.0.1:41681/devtools/browser/49667624-a895-48a0-98b2-6a05bb92e492
JavaScript error: resource://gre/modules/AsyncShutdown.jsm, line 560: NotFoundError: No such JSWindowActor 'DevToolsFrame'
1672453781115	Marionette	INFO	Stopped listening on port 41721
console.warn: LoginRecipes: "Falling back to a synchronous message for: https://substack.com."
SourceActor threw an exception: [Exception... "Failed to open input source 'javascript:void(0)'"  nsresult: "0x80040111 (NS_ERROR_NOT_AVAILABLE)"  location: "JS frame :: resource://devtools/shared/DevToolsUtils.js :: mainThreadFetch/< :: line 676"  data: yes]
Stack: mainThreadFetch/<@resource://devtools/shared/DevToolsUtils.js:676:15
mainThreadFetch@resource://devtools/shared/DevToolsUtils.js:517:10
_fetchURLContents@resource://devtools/server/actors/utils/sources-manager.js:446:22
urlContents@resource://devtools/server/actors/utils/sources-manager.js:410:17
_resurrectSource@resource://devtools/server/actors/thread.js:2154:35
addAllSources@resource://devtools/server/actors/thread.js:1486:14
watch@resource://devtools/server/actors/resources/sources.js:78:17
watchResources@resource://devtools/server/actors/resources/index.js:302:19
addSessionDataEntry@resource://devtools/server/actors/targets/session-data-processors/resources.js:11:21
addSessionDataEntry@resource://devtools/server/actors/targets/target-actor-mixin.js:46:25
_addSessionDataEntry@resource://devtools/server/connectors/js-window-actor/DevToolsFrameChild.sys.mjs:530:24
receiveMessage@resource://devtools/server/connectors/js-window-actor/DevToolsFrameChild.sys.mjs:439:21
Line: 676, column: 0
console.error: ({})
JavaScript error: resource://devtools/shared/DevToolsUtils.js, line 676: NS_ERROR_NOT_AVAILABLE: Failed to open input source 'javascript:void(0)'
1672453822420	geckodriver	INFO	Listening on 127.0.0.1:38379
1672453822850	mozrunner::runner	INFO	Running command: "/snap/firefox/current/firefox.launcher" "--marionette" "--remote-debugging-port" "34793" "--remote-allow-hosts" "localhost" "-no-remote" "-profile" "/tmp/rust_mozprofile24Hd9V"
Gtk-Message: 21:30:22.874: Not loading module "atk-bridge": The functionality is provided by GTK natively. Please try to not load it.
ATTENTION: default value of option mesa_glthread overridden by environment.
ATTENTION: default value of option mesa_glthread overridden by environment.
ATTENTION: default value of option mesa_glthread overridden by environment.
ATTENTION: default value of option mesa_glthread overridden by environment.
1672453823621	Marionette	INFO	Marionette enabled
1672453823625	Marionette	INFO	Listening on port 41543
Read port: 41543
WebDriver BiDi listening on ws://127.0.0.1:34793
1672453823748	RemoteAgent	WARN	TLS certificate errors will be ignored for this session
console.warn: SearchSettings: "get: No settings file exists, new profile?" (new NotFoundError("Could not open the file at /tmp/rust_mozprofile24Hd9V/search.json.mozlz4", (void 0)))
JavaScript error: resource://gre/modules/AsyncShutdown.jsm, line 560: NotFoundError: No such JSWindowActor 'DevToolsFrame'
1672453825053	Marionette	INFO	Stopped listening on port 33025
DevTools listening on ws://127.0.0.1:34793/devtools/browser/6647c64e-49b5-46f4-a7fa-7d50c003f936
1672453830011	Marionette	INFO	Stopped listening on port 41543
console.warn: TopSitesFeed: Failed to fetch data from Contile server: NetworkError when attempting to fetch resource.
1672453868597	geckodriver	INFO	Listening on 127.0.0.1:39999
1672453869066	mozrunner::runner	INFO	Running command: "/snap/firefox/current/firefox.launcher" "--marionette" "--remote-debugging-port" "44935" "--remote-allow-hosts" "localhost" "-no-remote" "-profile" "/tmp/rust_mozprofile7Raiuq"
Gtk-Message: 21:31:09.091: Not loading module "atk-bridge": The functionality is provided by GTK natively. Please try to not load it.
ATTENTION: default value of option mesa_glthread overridden by environment.
ATTENTION: default value of option mesa_glthread overridden by environment.
ATTENTION: default value of option mesa_glthread overridden by environment.
ATTENTION: default value of option mesa_glthread overridden by environment.
1672453869802	Marionette	INFO	Marionette enabled
1672453869805	Marionette	INFO	Listening on port 32881
Read port: 32881
WebDriver BiDi listening on ws://127.0.0.1:44935
1672453869931	RemoteAgent	WARN	TLS certificate errors will be ignored for this session
console.warn: SearchSettings: "get: No settings file exists, new profile?" (new NotFoundError("Could not open the file at /tmp/rust_mozprofile7Raiuq/search.json.mozlz4", (void 0)))
DevTools listening on ws://127.0.0.1:44935/devtools/browser/5b7b6bac-abae-4c97-b9c0-83248976da23
1672453880505	geckodriver	INFO	Listening on 127.0.0.1:48853
1672453880933	mozrunner::runner	INFO	Running command: "/snap/firefox/current/firefox.launcher" "--marionette" "--remote-debugging-port" "52743" "--remote-allow-hosts" "localhost" "-no-remote" "-profile" "/tmp/rust_mozprofilemYVC5F"
Gtk-Message: 21:31:20.958: Not loading module "atk-bridge": The functionality is provided by GTK natively. Please try to not load it.
1672453881668	Marionette	INFO	Stopped listening on port 32881
console.warn: TopSitesFeed: Failed to fetch data from Contile server: NetworkError when attempting to fetch resource.
ATTENTION: default value of option mesa_glthread overridden by environment.
ATTENTION: default value of option mesa_glthread overridden by environment.
ATTENTION: default value of option mesa_glthread overridden by environment.
ATTENTION: default value of option mesa_glthread overridden by environment.
1672453881956	Marionette	INFO	Marionette enabled
1672453881963	Marionette	INFO	Listening on port 34923
Read port: 34923
WebDriver BiDi listening on ws://127.0.0.1:52743
1672453882122	RemoteAgent	WARN	TLS certificate errors will be ignored for this session
console.warn: SearchSettings: "get: No settings file exists, new profile?" (new NotFoundError("Could not open the file at /tmp/rust_mozprofilemYVC5F/search.json.mozlz4", (void 0)))
DevTools listening on ws://127.0.0.1:52743/devtools/browser/b9155195-c193-4958-b95c-0f0be2d22408
SourceActor threw an exception: [Exception... "Failed to open input source 'javascript:void(0)'"  nsresult: "0x80040111 (NS_ERROR_NOT_AVAILABLE)"  location: "JS frame :: resource://devtools/shared/DevToolsUtils.js :: mainThreadFetch/< :: line 676"  data: yes]
Stack: mainThreadFetch/<@resource://devtools/shared/DevToolsUtils.js:676:15
mainThreadFetch@resource://devtools/shared/DevToolsUtils.js:517:10
_fetchURLContents@resource://devtools/server/actors/utils/sources-manager.js:446:22
urlContents@resource://devtools/server/actors/utils/sources-manager.js:410:17
_resurrectSource@resource://devtools/server/actors/thread.js:2154:35
addAllSources@resource://devtools/server/actors/thread.js:1486:14
watch@resource://devtools/server/actors/resources/sources.js:78:17
watchResources@resource://devtools/server/actors/resources/index.js:302:19
addSessionDataEntry@resource://devtools/server/actors/targets/session-data-processors/resources.js:11:21
addSessionDataEntry@resource://devtools/server/actors/targets/target-actor-mixin.js:46:25
_addSessionDataEntry@resource://devtools/server/connectors/js-window-actor/DevToolsFrameChild.sys.mjs:530:24
receiveMessage@resource://devtools/server/connectors/js-window-actor/DevToolsFrameChild.sys.mjs:439:21
Line: 676, column: 0
console.error: ({})
JavaScript error: resource://devtools/shared/DevToolsUtils.js, line 676: NS_ERROR_NOT_AVAILABLE: Failed to open input source 'javascript:void(0)'
ALSA lib conf.c:4120:(snd_config_update_r) Cannot access file /usr/share/alsa/alsa.conf
ALSA lib seq.c:935:(snd_seq_open_noupdate) Unknown SEQ default
1672454092619	geckodriver	INFO	Listening on 127.0.0.1:58535
1672454093085	mozrunner::runner	INFO	Running command: "/snap/firefox/current/firefox.launcher" "--marionette" "--remote-debugging-port" "45121" "--remote-allow-hosts" "localhost" "-no-remote" "-profile" "/tmp/rust_mozprofile825zDa"
Gtk-Message: 21:34:53.110: Not loading module "atk-bridge": The functionality is provided by GTK natively. Please try to not load it.
ATTENTION: default value of option mesa_glthread overridden by environment.
ATTENTION: default value of option mesa_glthread overridden by environment.
ATTENTION: default value of option mesa_glthread overridden by environment.
ATTENTION: default value of option mesa_glthread overridden by environment.
1672454093821	Marionette	INFO	Marionette enabled
1672454093824	Marionette	INFO	Listening on port 46673
Read port: 46673
WebDriver BiDi listening on ws://127.0.0.1:45121
1672454093957	RemoteAgent	WARN	TLS certificate errors will be ignored for this session
console.warn: SearchSettings: "get: No settings file exists, new profile?" (new NotFoundError("Could not open the file at /tmp/rust_mozprofile825zDa/search.json.mozlz4", (void 0)))
DevTools listening on ws://127.0.0.1:45121/devtools/browser/e16bf513-796a-43f6-a77d-471b6ba16821
SourceActor threw an exception: [Exception... "Failed to open input source 'javascript:void(0)'"  nsresult: "0x80040111 (NS_ERROR_NOT_AVAILABLE)"  location: "JS frame :: resource://devtools/shared/DevToolsUtils.js :: mainThreadFetch/< :: line 676"  data: yes]
Stack: mainThreadFetch/<@resource://devtools/shared/DevToolsUtils.js:676:15
mainThreadFetch@resource://devtools/shared/DevToolsUtils.js:517:10
_fetchURLContents@resource://devtools/server/actors/utils/sources-manager.js:446:22
urlContents@resource://devtools/server/actors/utils/sources-manager.js:410:17
_resurrectSource@resource://devtools/server/actors/thread.js:2154:35
addAllSources@resource://devtools/server/actors/thread.js:1486:14
watch@resource://devtools/server/actors/resources/sources.js:78:17
watchResources@resource://devtools/server/actors/resources/index.js:302:19
addSessionDataEntry@resource://devtools/server/actors/targets/session-data-processors/resources.js:11:21
addSessionDataEntry@resource://devtools/server/actors/targets/target-actor-mixin.js:46:25
_addSessionDataEntry@resource://devtools/server/connectors/js-window-actor/DevToolsFrameChild.sys.mjs:530:24
receiveMessage@resource://devtools/server/connectors/js-window-actor/DevToolsFrameChild.sys.mjs:439:21
Line: 676, column: 0
console.error: ({})
JavaScript error: resource://devtools/shared/DevToolsUtils.js, line 676: NS_ERROR_NOT_AVAILABLE: Failed to open input source 'javascript:void(0)'
1672454160030	geckodriver	INFO	Listening on 127.0.0.1:33601
1672454160478	mozrunner::runner	INFO	Running command: "/snap/firefox/current/firefox.launcher" "--marionette" "--remote-debugging-port" "52811" "--remote-allow-hosts" "localhost" "-no-remote" "-profile" "/tmp/rust_mozprofilePt5oCj"
Gtk-Message: 21:36:00.513: Not loading module "atk-bridge": The functionality is provided by GTK natively. Please try to not load it.
ATTENTION: default value of option mesa_glthread overridden by environment.
ATTENTION: default value of option mesa_glthread overridden by environment.
ATTENTION: default value of option mesa_glthread overridden by environment.
ATTENTION: default value of option mesa_glthread overridden by environment.
JavaScript error: resource://gre/modules/AsyncShutdown.jsm, line 560: NotFoundError: No such JSWindowActor 'DevToolsFrame'
1672454161331	Marionette	INFO	Stopped listening on port 34923
1672454161335	Marionette	INFO	Marionette enabled
1672454161340	Marionette	INFO	Listening on port 42661
Read port: 42661
WebDriver BiDi listening on ws://127.0.0.1:52811
1672454161547	RemoteAgent	WARN	TLS certificate errors will be ignored for this session
console.warn: SearchSettings: "get: No settings file exists, new profile?" (new NotFoundError("Could not open the file at /tmp/rust_mozprofilePt5oCj/search.json.mozlz4", (void 0)))
DevTools listening on ws://127.0.0.1:52811/devtools/browser/33fba3c0-4688-4cb3-b92c-58330bd336d0
JavaScript error: resource://gre/modules/AsyncShutdown.jsm, line 560: NotFoundError: No such JSWindowActor 'DevToolsFrame'
1672454164898	Marionette	INFO	Stopped listening on port 46673
SourceActor threw an exception: [Exception... "Failed to open input source 'javascript:void(0)'"  nsresult: "0x80040111 (NS_ERROR_NOT_AVAILABLE)"  location: "JS frame :: resource://devtools/shared/DevToolsUtils.js :: mainThreadFetch/< :: line 676"  data: yes]
Stack: mainThreadFetch/<@resource://devtools/shared/DevToolsUtils.js:676:15
mainThreadFetch@resource://devtools/shared/DevToolsUtils.js:517:10
_fetchURLContents@resource://devtools/server/actors/utils/sources-manager.js:446:22
urlContents@resource://devtools/server/actors/utils/sources-manager.js:410:17
_resurrectSource@resource://devtools/server/actors/thread.js:2154:35
addAllSources@resource://devtools/server/actors/thread.js:1486:14
watch@resource://devtools/server/actors/resources/sources.js:78:17
watchResources@resource://devtools/server/actors/resources/index.js:302:19
addSessionDataEntry@resource://devtools/server/actors/targets/session-data-processors/resources.js:11:21
addSessionDataEntry@resource://devtools/server/actors/targets/target-actor-mixin.js:46:25
_addSessionDataEntry@resource://devtools/server/connectors/js-window-actor/DevToolsFrameChild.sys.mjs:530:24
receiveMessage@resource://devtools/server/connectors/js-window-actor/DevToolsFrameChild.sys.mjs:439:21
Line: 676, column: 0
console.error: ({})
JavaScript error: resource://devtools/shared/DevToolsUtils.js, line 676: NS_ERROR_NOT_AVAILABLE: Failed to open input source 'javascript:void(0)'
ALSA lib conf.c:4120:(snd_config_update_r) Cannot access file /usr/share/alsa/alsa.conf
ALSA lib seq.c:935:(snd_seq_open_noupdate) Unknown SEQ default
ALSA lib conf.c:4120:(snd_config_update_r) Cannot access file /usr/share/alsa/alsa.conf
ALSA lib seq.c:935:(snd_seq_open_noupdate) Unknown SEQ default
JavaScript error: resource://gre/modules/AsyncShutdown.jsm, line 560: NotFoundError: No such JSWindowActor 'DevToolsFrame'
1672454286127	Marionette	INFO	Stopped listening on port 42661
1672454287237	geckodriver	INFO	Listening on 127.0.0.1:57311
1672454287683	mozrunner::runner	INFO	Running command: "/snap/firefox/current/firefox.launcher" "--marionette" "--remote-debugging-port" "45053" "--remote-allow-hosts" "localhost" "-no-remote" "-profile" "/tmp/rust_mozprofilei6VI5W"
Gtk-Message: 21:38:07.729: Not loading module "atk-bridge": The functionality is provided by GTK natively. Please try to not load it.
ATTENTION: default value of option mesa_glthread overridden by environment.
ATTENTION: default value of option mesa_glthread overridden by environment.
ATTENTION: default value of option mesa_glthread overridden by environment.
ATTENTION: default value of option mesa_glthread overridden by environment.
1672454288489	Marionette	INFO	Marionette enabled
1672454288493	Marionette	INFO	Listening on port 41997
Read port: 41997
WebDriver BiDi listening on ws://127.0.0.1:45053
1672454288628	RemoteAgent	WARN	TLS certificate errors will be ignored for this session
console.warn: SearchSettings: "get: No settings file exists, new profile?" (new NotFoundError("Could not open the file at /tmp/rust_mozprofilei6VI5W/search.json.mozlz4", (void 0)))
DevTools listening on ws://127.0.0.1:45053/devtools/browser/878e8577-b500-41e8-b8df-580ae9acabdd
1672454296448	Marionette	INFO	Stopped listening on port 41997
console.warn: TopSitesFeed: Failed to fetch data from Contile server: NetworkError when attempting to fetch resource.
1672454307250	geckodriver	INFO	Listening on 127.0.0.1:37799
1672454307681	mozrunner::runner	INFO	Running command: "/snap/firefox/current/firefox.launcher" "--marionette" "--remote-debugging-port" "35367" "--remote-allow-hosts" "localhost" "-no-remote" "-profile" "/tmp/rust_mozprofileQ6HsqZ"
Gtk-Message: 21:38:27.707: Not loading module "atk-bridge": The functionality is provided by GTK natively. Please try to not load it.
ATTENTION: default value of option mesa_glthread overridden by environment.
ATTENTION: default value of option mesa_glthread overridden by environment.
ATTENTION: default value of option mesa_glthread overridden by environment.
ATTENTION: default value of option mesa_glthread overridden by environment.
1672454308445	Marionette	INFO	Marionette enabled
1672454308449	Marionette	INFO	Listening on port 43853
Read port: 43853
WebDriver BiDi listening on ws://127.0.0.1:35367
1672454308615	RemoteAgent	WARN	TLS certificate errors will be ignored for this session
console.warn: SearchSettings: "get: No settings file exists, new profile?" (new NotFoundError("Could not open the file at /tmp/rust_mozprofileQ6HsqZ/search.json.mozlz4", (void 0)))
DevTools listening on ws://127.0.0.1:35367/devtools/browser/5a85c193-b317-4d9d-b625-7f1e5be59a12
ALSA lib conf.c:4120:(snd_config_update_r) Cannot access file /usr/share/alsa/alsa.conf
ALSA lib seq.c:935:(snd_seq_open_noupdate) Unknown SEQ default
ALSA lib conf.c:4120:(snd_config_update_r) Cannot access file /usr/share/alsa/alsa.conf
ALSA lib seq.c:935:(snd_seq_open_noupdate) Unknown SEQ default
1672454334051	Marionette	INFO	Stopped listening on port 43853
console.warn: TopSitesFeed: Failed to fetch data from Contile server: NetworkError when attempting to fetch resource.
Sandbox: Unexpected EOF, op 0 flags 00 path /proc/cpuinfo
1672454342314	geckodriver	INFO	Listening on 127.0.0.1:35325
1672454342765	mozrunner::runner	INFO	Running command: "/snap/firefox/current/firefox.launcher" "--marionette" "--remote-debugging-port" "41469" "--remote-allow-hosts" "localhost" "-no-remote" "-profile" "/tmp/rust_mozprofileuFmGTp"
Gtk-Message: 21:39:02.789: Not loading module "atk-bridge": The functionality is provided by GTK natively. Please try to not load it.
ATTENTION: default value of option mesa_glthread overridden by environment.
ATTENTION: default value of option mesa_glthread overridden by environment.
ATTENTION: default value of option mesa_glthread overridden by environment.
ATTENTION: default value of option mesa_glthread overridden by environment.
1672454343567	Marionette	INFO	Marionette enabled
1672454343571	Marionette	INFO	Listening on port 42717
Read port: 42717
WebDriver BiDi listening on ws://127.0.0.1:41469
1672454343757	RemoteAgent	WARN	TLS certificate errors will be ignored for this session
console.warn: SearchSettings: "get: No settings file exists, new profile?" (new NotFoundError("Could not open the file at /tmp/rust_mozprofileuFmGTp/search.json.mozlz4", (void 0)))
DevTools listening on ws://127.0.0.1:41469/devtools/browser/3ce67d59-566a-421b-b6f8-28d48141a60b
ALSA lib conf.c:4120:(snd_config_update_r) Cannot access file /usr/share/alsa/alsa.conf
ALSA lib seq.c:935:(snd_seq_open_noupdate) Unknown SEQ default
1672454384346	geckodriver	INFO	Listening on 127.0.0.1:51929
1672454384811	mozrunner::runner	INFO	Running command: "/snap/firefox/current/firefox.launcher" "--marionette" "--remote-debugging-port" "34435" "--remote-allow-hosts" "localhost" "-no-remote" "-profile" "/tmp/rust_mozprofilegunED7"
Gtk-Message: 21:39:44.837: Not loading module "atk-bridge": The functionality is provided by GTK natively. Please try to not load it.
ATTENTION: default value of option mesa_glthread overridden by environment.
ATTENTION: default value of option mesa_glthread overridden by environment.
ATTENTION: default value of option mesa_glthread overridden by environment.
ATTENTION: default value of option mesa_glthread overridden by environment.
1672454385571	Marionette	INFO	Marionette enabled
1672454385574	Marionette	INFO	Listening on port 44457
Read port: 44457
WebDriver BiDi listening on ws://127.0.0.1:34435
1672454385701	RemoteAgent	WARN	TLS certificate errors will be ignored for this session
ALSA lib conf.c:4120:(snd_config_update_r) Cannot access file /usr/share/alsa/alsa.conf
ALSA lib seq.c:935:(snd_seq_open_noupdate) Unknown SEQ default
1672454386324	Marionette	INFO	Stopped listening on port 42717
console.warn: TopSitesFeed: Failed to fetch data from Contile server: NetworkError when attempting to fetch resource.
console.warn: SearchSettings: "get: No settings file exists, new profile?" (new NotFoundError("Could not open the file at /tmp/rust_mozprofilegunED7/search.json.mozlz4", (void 0)))
DevTools listening on ws://127.0.0.1:34435/devtools/browser/71a506ad-989b-497c-9b74-65115f4a753e
1672454387788	Marionette	INFO	Stopped listening on port 44457
console.warn: TopSitesFeed: Failed to fetch data from Contile server: NetworkError when attempting to fetch resource.
WARNING: A blocker encountered an error while we were waiting.
          Blocker:  Waiting for ping task
          Phase: TelemetryController: Waiting for pending ping activity
          State: (none)
WARNING: Error: Phase "profile-before-change" is finished, it is too late to register completion condition "OS.File: flush I/O queued before profileBeforeChange"
WARNING: addBlocker@resource://gre/modules/AsyncShutdown.jsm:703:15
addBlocker@resource://gre/modules/AsyncShutdown.jsm:511:26
addBlocker@resource://gre/modules/AsyncShutdown.jsm:450:15
setupShutdown@resource://gre/modules/osfile/osfile_async_front.jsm:1563:28
@resource://gre/modules/osfile/osfile_async_front.jsm:1583:16
@resource://gre/modules/osfile.jsm:12:30
@resource://gre/modules/TelemetryStorage.jsm:19:28
promiseArchivePing@resource://gre/modules/TelemetryArchive.jsm:103:5
promiseArchivePing@resource://gre/modules/TelemetryArchive.jsm:63:33
_submitPingLogic@resource://gre/modules/TelemetryControllerParent.jsm:540:48
send@resource://gre/modules/TelemetryControllerParent.jsm:628:24
submitExternalPing@resource://gre/modules/TelemetryControllerParent.jsm:182:17
sendPing@resource://gre/modules/EventPing.jsm:51:30
_submitPing@resource://gre/modules/EventPing.jsm:229:12
shutdown@resource://gre/modules/EventPing.jsm:112:10
_cleanupOnShutdown@resource://gre/modules/TelemetryControllerParent.jsm:940:31
shutdown/<@resource://gre/modules/TelemetryControllerParent.jsm:1010:24
observe@resource://gre/modules/AsyncShutdown.jsm:560:16

WARNING: A blocker encountered an error while we were waiting.
          Blocker:  Waiting for ping task
          Phase: TelemetryController: Waiting for pending ping activity
          State: (none)
WARNING: Error: Phase "profile-before-change" is finished, it is too late to register completion condition "OS.File: flush I/O queued before profileBeforeChange"
WARNING: addBlocker@resource://gre/modules/AsyncShutdown.jsm:703:15
addBlocker@resource://gre/modules/AsyncShutdown.jsm:511:26
addBlocker@resource://gre/modules/AsyncShutdown.jsm:450:15
setupShutdown@resource://gre/modules/osfile/osfile_async_front.jsm:1563:28
@resource://gre/modules/osfile/osfile_async_front.jsm:1583:16
@resource://gre/modules/osfile.jsm:12:30
@resource://gre/modules/TelemetryStorage.jsm:19:28
promiseArchivePing@resource://gre/modules/TelemetryArchive.jsm:103:5
promiseArchivePing@resource://gre/modules/TelemetryArchive.jsm:63:33
_submitPingLogic@resource://gre/modules/TelemetryControllerParent.jsm:540:48
send@resource://gre/modules/TelemetryControllerParent.jsm:628:24
submitExternalPing@resource://gre/modules/TelemetryControllerParent.jsm:182:17
saveShutdownPings@resource://gre/modules/TelemetrySession.jsm:982:34
shutdownChromeProcess/cleanup/<@resource://gre/modules/TelemetrySession.jsm:1232:20
cleanup@resource://gre/modules/TelemetrySession.jsm:1239:9
shutdownChromeProcess@resource://gre/modules/TelemetrySession.jsm:1256:14
shutdown@resource://gre/modules/TelemetrySession.jsm:247:17
_cleanupOnShutdown@resource://gre/modules/TelemetryControllerParent.jsm:959:35
observe@resource://gre/modules/AsyncShutdown.jsm:560:16

WARNING: A blocker encountered an error while we were waiting.
          Blocker:  Waiting for ping task
          Phase: TelemetryController: Waiting for pending ping activity
          State: (none)
WARNING: Error: Phase "profile-before-change" is finished, it is too late to register completion condition "OS.File: flush I/O queued before profileBeforeChange"
WARNING: addBlocker@resource://gre/modules/AsyncShutdown.jsm:703:15
addBlocker@resource://gre/modules/AsyncShutdown.jsm:511:26
addBlocker@resource://gre/modules/AsyncShutdown.jsm:450:15
setupShutdown@resource://gre/modules/osfile/osfile_async_front.jsm:1563:28
@resource://gre/modules/osfile/osfile_async_front.jsm:1583:16
@resource://gre/modules/osfile.jsm:12:30
@resource://gre/modules/TelemetryStorage.jsm:19:28
promiseArchivePing@resource://gre/modules/TelemetryArchive.jsm:103:5
promiseArchivePing@resource://gre/modules/TelemetryArchive.jsm:63:33
_submitPingLogic@resource://gre/modules/TelemetryControllerParent.jsm:540:48
send@resource://gre/modules/TelemetryControllerParent.jsm:628:24
submitExternalPing@resource://gre/modules/TelemetryControllerParent.jsm:182:17
saveShutdownPings@resource://gre/modules/TelemetrySession.jsm:1014:36
shutdownChromeProcess/cleanup/<@resource://gre/modules/TelemetrySession.jsm:1232:20
cleanup@resource://gre/modules/TelemetrySession.jsm:1239:9
shutdownChromeProcess@resource://gre/modules/TelemetrySession.jsm:1256:14
shutdown@resource://gre/modules/TelemetrySession.jsm:247:17
_cleanupOnShutdown@resource://gre/modules/TelemetryControllerParent.jsm:959:35
observe@resource://gre/modules/AsyncShutdown.jsm:560:16

WARNING: A blocker encountered an error while we were waiting.
          Blocker:  TelemetryController: shutting down
          Phase: profile-before-change-telemetry
          State: Error getting state: Error: Phase "profile-before-change" is finished, it is too late to register completion condition "OS.File: flush I/O queued before profileBeforeChange" at addBlocker@resource://gre/modules/AsyncShutdown.jsm:703:15
addBlocker@resource://gre/modules/AsyncShutdown.jsm:511:26
addBlocker@resource://gre/modules/AsyncShutdown.jsm:450:15
setupShutdown@resource://gre/modules/osfile/osfile_async_front.jsm:1563:28
@resource://gre/modules/osfile/osfile_async_front.jsm:1583:16
@resource://gre/modules/osfile.jsm:12:30
@resource://gre/modules/TelemetryStorage.jsm:19:28
getShutdownState@resource://gre/modules/TelemetrySend.jsm:1687:7
getShutdownState@resource://gre/modules/TelemetrySend.jsm:369:30
_getState@resource://gre/modules/TelemetryControllerParent.jsm:1058:38
setupTelemetry/<@resource://gre/modules/TelemetryControllerParent.jsm:917:18
safeGetState@resource://gre/modules/AsyncShutdown.jsm:242:17
Barrier/addBlocker/promise<@resource://gre/modules/AsyncShutdown.jsm:751:20
observe@resource://gre/modules/AsyncShutdown.jsm:560:16

WARNING: Error: Phase "profile-before-change" is finished, it is too late to register completion condition "OS.File: flush I/O queued before profileBeforeChange"
WARNING: addBlocker@resource://gre/modules/AsyncShutdown.jsm:703:15
addBlocker@resource://gre/modules/AsyncShutdown.jsm:511:26
addBlocker@resource://gre/modules/AsyncShutdown.jsm:450:15
setupShutdown@resource://gre/modules/osfile/osfile_async_front.jsm:1563:28
@resource://gre/modules/osfile/osfile_async_front.jsm:1583:16
@resource://gre/modules/osfile.jsm:12:30
@resource://gre/modules/TelemetryStorage.jsm:19:28
removeAbortedSessionPing@resource://gre/modules/TelemetryControllerParent.jsm:721:5
removeAbortedSessionPing@resource://gre/modules/TelemetryControllerParent.jsm:249:17
shutdownChromeProcess/cleanup/<@resource://gre/modules/TelemetrySession.jsm:1235:42
observe@resource://gre/modules/AsyncShutdown.jsm:560:16

JavaScript error: resource://gre/modules/AsyncShutdown.jsm, line 703: Error: Phase "profile-before-change" is finished, it is too late to register completion condition "OS.File: flush I/O queued before profileBeforeChange"
JavaScript error: resource://gre/modules/AsyncShutdown.jsm, line 703: Error: Phase "profile-before-change" is finished, it is too late to register completion condition "OS.File: flush I/O queued before profileBeforeChange"
JavaScript error: resource://gre/modules/AsyncShutdown.jsm, line 703: Error: Phase "profile-before-change" is finished, it is too late to register completion condition "OS.File: flush I/O queued before profileBeforeChange"
JavaScript error: resource://gre/modules/AsyncShutdown.jsm, line 703: Error: Phase "profile-before-change" is finished, it is too late to register completion condition "OS.File: flush I/O queued before profileBeforeChange"
JavaScript error: resource://gre/modules/AsyncShutdown.jsm, line 703: Error: Phase "profile-before-change" is finished, it is too late to register completion condition "OS.File: flush I/O queued before profileBeforeChange"
JavaScript error: resource://gre/modules/AsyncShutdown.jsm, line 703: Error: Phase "profile-before-change" is finished, it is too late to register completion condition "OS.File: flush I/O queued before profileBeforeChange"
1672454426262	geckodriver	INFO	Listening on 127.0.0.1:60019
1672454426709	mozrunner::runner	INFO	Running command: "/snap/firefox/current/firefox.launcher" "--marionette" "--remote-debugging-port" "47949" "--remote-allow-hosts" "localhost" "-no-remote" "-profile" "/tmp/rust_mozprofile8JS3Bh"
Gtk-Message: 21:40:26.734: Not loading module "atk-bridge": The functionality is provided by GTK natively. Please try to not load it.
ATTENTION: default value of option mesa_glthread overridden by environment.
ATTENTION: default value of option mesa_glthread overridden by environment.
ATTENTION: default value of option mesa_glthread overridden by environment.
ATTENTION: default value of option mesa_glthread overridden by environment.
1672454427467	Marionette	INFO	Marionette enabled
1672454427470	Marionette	INFO	Listening on port 34159
Read port: 34159
WebDriver BiDi listening on ws://127.0.0.1:47949
1672454427621	RemoteAgent	WARN	TLS certificate errors will be ignored for this session
console.warn: SearchSettings: "get: No settings file exists, new profile?" (new NotFoundError("Could not open the file at /tmp/rust_mozprofile8JS3Bh/search.json.mozlz4", (void 0)))
DevTools listening on ws://127.0.0.1:47949/devtools/browser/a11183bb-c752-4150-b27e-3e43e558e140
SourceActor threw an exception: [Exception... "Failed to open input source 'javascript:void(0)'"  nsresult: "0x80040111 (NS_ERROR_NOT_AVAILABLE)"  location: "JS frame :: resource://devtools/shared/DevToolsUtils.js :: mainThreadFetch/< :: line 676"  data: yes]
Stack: mainThreadFetch/<@resource://devtools/shared/DevToolsUtils.js:676:15
mainThreadFetch@resource://devtools/shared/DevToolsUtils.js:517:10
_fetchURLContents@resource://devtools/server/actors/utils/sources-manager.js:446:22
urlContents@resource://devtools/server/actors/utils/sources-manager.js:410:17
_resurrectSource@resource://devtools/server/actors/thread.js:2154:35
addAllSources@resource://devtools/server/actors/thread.js:1486:14
watch@resource://devtools/server/actors/resources/sources.js:78:17
watchResources@resource://devtools/server/actors/resources/index.js:302:19
addSessionDataEntry@resource://devtools/server/actors/targets/session-data-processors/resources.js:11:21
addSessionDataEntry@resource://devtools/server/actors/targets/target-actor-mixin.js:46:25
_addSessionDataEntry@resource://devtools/server/connectors/js-window-actor/DevToolsFrameChild.sys.mjs:530:24
receiveMessage@resource://devtools/server/connectors/js-window-actor/DevToolsFrameChild.sys.mjs:439:21
Line: 676, column: 0
console.error: ({})
JavaScript error: resource://devtools/shared/DevToolsUtils.js, line 676: NS_ERROR_NOT_AVAILABLE: Failed to open input source 'javascript:void(0)'
JavaScript error: resource://gre/modules/AsyncShutdown.jsm, line 560: NotFoundError: No such JSWindowActor 'DevToolsFrame'
1672454464958	Marionette	INFO	Stopped listening on port 34159
1672454468078	geckodriver	INFO	Listening on 127.0.0.1:49433
1672454468533	mozrunner::runner	INFO	Running command: "/snap/firefox/current/firefox.launcher" "--marionette" "--remote-debugging-port" "55883" "--remote-allow-hosts" "localhost" "-no-remote" "-profile" "/tmp/rust_mozprofile0m6u9b"
Gtk-Message: 21:41:08.557: Not loading module "atk-bridge": The functionality is provided by GTK natively. Please try to not load it.
ATTENTION: default value of option mesa_glthread overridden by environment.
ATTENTION: default value of option mesa_glthread overridden by environment.
ATTENTION: default value of option mesa_glthread overridden by environment.
ATTENTION: default value of option mesa_glthread overridden by environment.
1672454469304	Marionette	INFO	Marionette enabled
1672454469307	Marionette	INFO	Listening on port 43999
Read port: 43999
WebDriver BiDi listening on ws://127.0.0.1:55883
1672454469451	RemoteAgent	WARN	TLS certificate errors will be ignored for this session
console.warn: SearchSettings: "get: No settings file exists, new profile?" (new NotFoundError("Could not open the file at /tmp/rust_mozprofile0m6u9b/search.json.mozlz4", (void 0)))
DevTools listening on ws://127.0.0.1:55883/devtools/browser/2a713261-2994-4fe4-a22c-ea7e543d291c
SourceActor threw an exception: [Exception... "Failed to open input source 'javascript:void(0)'"  nsresult: "0x80040111 (NS_ERROR_NOT_AVAILABLE)"  location: "JS frame :: resource://devtools/shared/DevToolsUtils.js :: mainThreadFetch/< :: line 676"  data: yes]
Stack: mainThreadFetch/<@resource://devtools/shared/DevToolsUtils.js:676:15
mainThreadFetch@resource://devtools/shared/DevToolsUtils.js:517:10
_fetchURLContents@resource://devtools/server/actors/utils/sources-manager.js:446:22
urlContents@resource://devtools/server/actors/utils/sources-manager.js:410:17
_resurrectSource@resource://devtools/server/actors/thread.js:2154:35
addAllSources@resource://devtools/server/actors/thread.js:1486:14
watch@resource://devtools/server/actors/resources/sources.js:78:17
watchResources@resource://devtools/server/actors/resources/index.js:302:19
addSessionDataEntry@resource://devtools/server/actors/targets/session-data-processors/resources.js:11:21
addSessionDataEntry@resource://devtools/server/actors/targets/target-actor-mixin.js:46:25
_addSessionDataEntry@resource://devtools/server/connectors/js-window-actor/DevToolsFrameChild.sys.mjs:530:24
receiveMessage@resource://devtools/server/connectors/js-window-actor/DevToolsFrameChild.sys.mjs:439:21
Line: 676, column: 0
console.error: ({})
JavaScript error: resource://devtools/shared/DevToolsUtils.js, line 676: NS_ERROR_NOT_AVAILABLE: Failed to open input source 'javascript:void(0)'
ALSA lib conf.c:4120:(snd_config_update_r) Cannot access file /usr/share/alsa/alsa.conf
ALSA lib seq.c:935:(snd_seq_open_noupdate) Unknown SEQ default
1672454602732	geckodriver	INFO	Listening on 127.0.0.1:56623
1672454603201	mozrunner::runner	INFO	Running command: "/snap/firefox/current/firefox.launcher" "--marionette" "--remote-debugging-port" "32789" "--remote-allow-hosts" "localhost" "-no-remote" "-profile" "/tmp/rust_mozprofilejz1GqS"
Gtk-Message: 21:43:23.227: Not loading module "atk-bridge": The functionality is provided by GTK natively. Please try to not load it.
ATTENTION: default value of option mesa_glthread overridden by environment.
ATTENTION: default value of option mesa_glthread overridden by environment.
ATTENTION: default value of option mesa_glthread overridden by environment.
ATTENTION: default value of option mesa_glthread overridden by environment.
1672454603959	Marionette	INFO	Marionette enabled
1672454603964	Marionette	INFO	Listening on port 39233
Read port: 39233
WebDriver BiDi listening on ws://127.0.0.1:32789
1672454604085	RemoteAgent	WARN	TLS certificate errors will be ignored for this session
console.warn: SearchSettings: "get: No settings file exists, new profile?" (new NotFoundError("Could not open the file at /tmp/rust_mozprofilejz1GqS/search.json.mozlz4", (void 0)))
DevTools listening on ws://127.0.0.1:32789/devtools/browser/331eb026-4e9e-4b71-aee1-6f0c5682a922
ALSA lib conf.c:4120:(snd_config_update_r) Cannot access file /usr/share/alsa/alsa.conf
ALSA lib seq.c:935:(snd_seq_open_noupdate) Unknown SEQ default
JavaScript error: resource://gre/modules/AsyncShutdown.jsm, line 560: NotFoundError: No such JSWindowActor 'DevToolsFrame'
1672454606861	Marionette	INFO	Stopped listening on port 43999
Sandbox: Unexpected EOF, op 0 flags 00 path /proc/cpuinfo
1672454635201	Marionette	INFO	Stopped listening on port 39233
console.warn: TopSitesFeed: Failed to fetch data from Contile server: NetworkError when attempting to fetch resource.
Sandbox: Unexpected EOF, op 0 flags 00 path /proc/cpuinfo
1672454643639	geckodriver	INFO	Listening on 127.0.0.1:32941
1672454644108	mozrunner::runner	INFO	Running command: "/snap/firefox/current/firefox.launcher" "--marionette" "--remote-debugging-port" "35819" "--remote-allow-hosts" "localhost" "-no-remote" "-profile" "/tmp/rust_mozprofileT9K7Oc"
Gtk-Message: 21:44:04.134: Not loading module "atk-bridge": The functionality is provided by GTK natively. Please try to not load it.
ATTENTION: default value of option mesa_glthread overridden by environment.
ATTENTION: default value of option mesa_glthread overridden by environment.
ATTENTION: default value of option mesa_glthread overridden by environment.
ATTENTION: default value of option mesa_glthread overridden by environment.
1672454644865	Marionette	INFO	Marionette enabled
1672454644869	Marionette	INFO	Listening on port 33651
Read port: 33651
WebDriver BiDi listening on ws://127.0.0.1:35819
1672454645024	RemoteAgent	WARN	TLS certificate errors will be ignored for this session
console.warn: SearchSettings: "get: No settings file exists, new profile?" (new NotFoundError("Could not open the file at /tmp/rust_mozprofileT9K7Oc/search.json.mozlz4", (void 0)))
DevTools listening on ws://127.0.0.1:35819/devtools/browser/a274dbe0-e1ad-4b8d-815c-92446c3f4619
ALSA lib conf.c:4120:(snd_config_update_r) Cannot access file /usr/share/alsa/alsa.conf
ALSA lib seq.c:935:(snd_seq_open_noupdate) Unknown SEQ default
console.warn: LoginRecipes: "Falling back to a synchronous message for: https://substack.com."
console.warn: LoginRecipes: "Falling back to a synchronous message for: https://substack.com."
1672454801927	geckodriver	INFO	Listening on 127.0.0.1:51503
1672454802350	mozrunner::runner	INFO	Running command: "/snap/firefox/current/firefox.launcher" "--marionette" "--remote-debugging-port" "47663" "--remote-allow-hosts" "localhost" "-no-remote" "-profile" "/tmp/rust_mozprofile9XKI59"
Gtk-Message: 21:46:42.376: Not loading module "atk-bridge": The functionality is provided by GTK natively. Please try to not load it.
ATTENTION: default value of option mesa_glthread overridden by environment.
ATTENTION: default value of option mesa_glthread overridden by environment.
ATTENTION: default value of option mesa_glthread overridden by environment.
ATTENTION: default value of option mesa_glthread overridden by environment.
1672454803100	Marionette	INFO	Marionette enabled
1672454803104	Marionette	INFO	Listening on port 37549
Read port: 37549
WebDriver BiDi listening on ws://127.0.0.1:47663
1672454803244	RemoteAgent	WARN	TLS certificate errors will be ignored for this session
console.warn: SearchSettings: "get: No settings file exists, new profile?" (new NotFoundError("Could not open the file at /tmp/rust_mozprofile9XKI59/search.json.mozlz4", (void 0)))
DevTools listening on ws://127.0.0.1:47663/devtools/browser/0fcf2229-e6ce-4872-af3a-a968da7acfbb
console.warn: LoginRecipes: "Falling back to a synchronous message for: https://substack.com."
console.warn: LoginRecipes: "Falling back to a synchronous message for: https://substack.com."
1672454819425	Marionette	INFO	Stopped listening on port 37549
console.warn: TopSitesFeed: Failed to fetch data from Contile server: NetworkError when attempting to fetch resource.
1672454876940	Marionette	INFO	Stopped listening on port 33651
console.warn: TopSitesFeed: Failed to fetch data from Contile server: NetworkError when attempting to fetch resource.
1672454878029	geckodriver	INFO	Listening on 127.0.0.1:52737
1672454878475	mozrunner::runner	INFO	Running command: "/snap/firefox/current/firefox.launcher" "--marionette" "--remote-debugging-port" "60447" "--remote-allow-hosts" "localhost" "-no-remote" "-profile" "/tmp/rust_mozprofiledINgjn"
Gtk-Message: 21:47:58.503: Not loading module "atk-bridge": The functionality is provided by GTK natively. Please try to not load it.
ATTENTION: default value of option mesa_glthread overridden by environment.
ATTENTION: default value of option mesa_glthread overridden by environment.
ATTENTION: default value of option mesa_glthread overridden by environment.
ATTENTION: default value of option mesa_glthread overridden by environment.
1672454879265	Marionette	INFO	Marionette enabled
1672454879270	Marionette	INFO	Listening on port 37245
Read port: 37245
WebDriver BiDi listening on ws://127.0.0.1:60447
1672454879387	RemoteAgent	WARN	TLS certificate errors will be ignored for this session
console.warn: SearchSettings: "get: No settings file exists, new profile?" (new NotFoundError("Could not open the file at /tmp/rust_mozprofiledINgjn/search.json.mozlz4", (void 0)))
DevTools listening on ws://127.0.0.1:60447/devtools/browser/817cbe3c-8f72-457e-945c-0b66de1d98e5
JavaScript error: resource://gre/modules/URIFixup.sys.mjs, line 302: NS_ERROR_FAILURE: Should pass a non-null uri
SourceActor threw an exception: [Exception... "Failed to open input source 'javascript:void(0)'"  nsresult: "0x80040111 (NS_ERROR_NOT_AVAILABLE)"  location: "JS frame :: resource://devtools/shared/DevToolsUtils.js :: mainThreadFetch/< :: line 676"  data: yes]
Stack: mainThreadFetch/<@resource://devtools/shared/DevToolsUtils.js:676:15
mainThreadFetch@resource://devtools/shared/DevToolsUtils.js:517:10
_fetchURLContents@resource://devtools/server/actors/utils/sources-manager.js:446:22
urlContents@resource://devtools/server/actors/utils/sources-manager.js:410:17
_resurrectSource@resource://devtools/server/actors/thread.js:2154:35
addAllSources@resource://devtools/server/actors/thread.js:1486:14
watch@resource://devtools/server/actors/resources/sources.js:78:17
watchResources@resource://devtools/server/actors/resources/index.js:302:19
addSessionDataEntry@resource://devtools/server/actors/targets/session-data-processors/resources.js:11:21
addSessionDataEntry@resource://devtools/server/actors/targets/target-actor-mixin.js:46:25
_addSessionDataEntry@resource://devtools/server/connectors/js-window-actor/DevToolsFrameChild.sys.mjs:530:24
receiveMessage@resource://devtools/server/connectors/js-window-actor/DevToolsFrameChild.sys.mjs:439:21
Line: 676, column: 0
console.error: ({})
JavaScript error: resource://devtools/shared/DevToolsUtils.js, line 676: NS_ERROR_NOT_AVAILABLE: Failed to open input source 'javascript:void(0)'
ALSA lib conf.c:4120:(snd_config_update_r) Cannot access file /usr/share/alsa/alsa.conf
ALSA lib seq.c:935:(snd_seq_open_noupdate) Unknown SEQ default
JavaScript error: resource://gre/modules/AsyncShutdown.jsm, line 560: NotFoundError: No such JSWindowActor 'DevToolsFrame'
1672455279214	Marionette	INFO	Stopped listening on port 37245
Sandbox: Unexpected EOF, op 0 flags 00 path /proc/cpuinfo
1672455396473	geckodriver	INFO	Listening on 127.0.0.1:34965
1672455396925	mozrunner::runner	INFO	Running command: "/snap/firefox/current/firefox.launcher" "--marionette" "--remote-debugging-port" "36581" "--remote-allow-hosts" "localhost" "-no-remote" "-profile" "/tmp/rust_mozprofile1EaLcf"
Gtk-Message: 21:56:36.952: Not loading module "atk-bridge": The functionality is provided by GTK natively. Please try to not load it.
ATTENTION: default value of option mesa_glthread overridden by environment.
ATTENTION: default value of option mesa_glthread overridden by environment.
ATTENTION: default value of option mesa_glthread overridden by environment.
ATTENTION: default value of option mesa_glthread overridden by environment.
1672455397713	Marionette	INFO	Marionette enabled
1672455397717	Marionette	INFO	Listening on port 33927
Read port: 33927
WebDriver BiDi listening on ws://127.0.0.1:36581
1672455397886	RemoteAgent	WARN	TLS certificate errors will be ignored for this session
console.warn: SearchSettings: "get: No settings file exists, new profile?" (new NotFoundError("Could not open the file at /tmp/rust_mozprofile1EaLcf/search.json.mozlz4", (void 0)))
DevTools listening on ws://127.0.0.1:36581/devtools/browser/597eed6a-e3d7-4350-8184-f5ae7c21cef9
1672455430113	geckodriver	INFO	Listening on 127.0.0.1:55913
1672455430569	mozrunner::runner	INFO	Running command: "/snap/firefox/current/firefox.launcher" "--marionette" "--remote-debugging-port" "42667" "--remote-allow-hosts" "localhost" "-no-remote" "-profile" "/tmp/rust_mozprofilexUqqGm"
ALSA lib conf.c:4120:(snd_config_update_r) Cannot access file /usr/share/alsa/alsa.conf
ALSA lib seq.c:935:(snd_seq_open_noupdate) Unknown SEQ default
Gtk-Message: 21:57:10.594: Not loading module "atk-bridge": The functionality is provided by GTK natively. Please try to not load it.
ATTENTION: default value of option mesa_glthread overridden by environment.
ATTENTION: default value of option mesa_glthread overridden by environment.
ATTENTION: default value of option mesa_glthread overridden by environment.
ATTENTION: default value of option mesa_glthread overridden by environment.
1672455431335	Marionette	INFO	Marionette enabled
1672455431339	Marionette	INFO	Listening on port 43703
Read port: 43703
WebDriver BiDi listening on ws://127.0.0.1:42667
1672455431521	RemoteAgent	WARN	TLS certificate errors will be ignored for this session
console.warn: SearchSettings: "get: No settings file exists, new profile?" (new NotFoundError("Could not open the file at /tmp/rust_mozprofilexUqqGm/search.json.mozlz4", (void 0)))
ALSA lib conf.c:4120:(snd_config_update_r) Cannot access file /usr/share/alsa/alsa.conf
ALSA lib seq.c:935:(snd_seq_open_noupdate) Unknown SEQ default
JavaScript error: resource://gre/modules/AsyncShutdown.jsm, line 560: NotFoundError: No such JSWindowActor 'DevToolsFrame'
1672455433102	Marionette	INFO	Stopped listening on port 33927
DevTools listening on ws://127.0.0.1:42667/devtools/browser/587955ca-69ba-42d0-89ce-b8b2c28bc0c3
ALSA lib conf.c:4120:(snd_config_update_r) Cannot access file /usr/share/alsa/alsa.conf
ALSA lib seq.c:935:(snd_seq_open_noupdate) Unknown SEQ default
ALSA lib conf.c:4120:(snd_config_update_r) Cannot access file /usr/share/alsa/alsa.conf
ALSA lib seq.c:935:(snd_seq_open_noupdate) Unknown SEQ default
1672455479132	Marionette	INFO	Stopped listening on port 43703
console.warn: TopSitesFeed: Failed to fetch data from Contile server: NetworkError when attempting to fetch resource.
Sandbox: Unexpected EOF, op 0 flags 00 path /proc/cpuinfo
1672455481085	geckodriver	INFO	Listening on 127.0.0.1:48483
1672455481520	mozrunner::runner	INFO	Running command: "/snap/firefox/current/firefox.launcher" "--marionette" "--remote-debugging-port" "52973" "--remote-allow-hosts" "localhost" "-no-remote" "-profile" "/tmp/rust_mozprofilee9N2SP"
Gtk-Message: 21:58:01.545: Not loading module "atk-bridge": The functionality is provided by GTK natively. Please try to not load it.
ATTENTION: default value of option mesa_glthread overridden by environment.
ATTENTION: default value of option mesa_glthread overridden by environment.
ATTENTION: default value of option mesa_glthread overridden by environment.
ATTENTION: default value of option mesa_glthread overridden by environment.
1672455482300	Marionette	INFO	Marionette enabled
1672455482303	Marionette	INFO	Listening on port 36257
Read port: 36257
WebDriver BiDi listening on ws://127.0.0.1:52973
1672455482430	RemoteAgent	WARN	TLS certificate errors will be ignored for this session
console.warn: SearchSettings: "get: No settings file exists, new profile?" (new NotFoundError("Could not open the file at /tmp/rust_mozprofilee9N2SP/search.json.mozlz4", (void 0)))
DevTools listening on ws://127.0.0.1:52973/devtools/browser/fd1651ea-18e6-409f-bc51-eae562aaadec
console.warn: LoginRecipes: "Falling back to a synchronous message for: https://substack.com."
console.warn: LoginRecipes: "Falling back to a synchronous message for: https://substack.com."
1672455491487	Marionette	INFO	Stopped listening on port 36257
